
> @ start /usr/local/webserver/nginx/html/sd-sys
> roadhog server

{ Error: Cannot find module 'roadhog-api-doc'
    at Function.Module._resolveFilename (module.js:542:15)
    at Function.Module._load (module.js:472:25)
    at Module.require (module.js:585:17)
    at require (internal/module.js:11:18)
    at Object.<anonymous> (/usr/local/webserver/nginx/html/sd-sys/.roadhogrc.mock.js:1:1)
    at Module._compile (module.js:641:30)
    at Module._compile (/usr/local/webserver/nginx/html/sd-sys/node_modules/pirates/lib/index.js:91:24)
    at Module._extensions..js (module.js:652:10)
    at Object.newLoader [as .js] (/usr/local/webserver/nginx/html/sd-sys/node_modules/pirates/lib/index.js:96:7)
    at Module.load (module.js:560:32)
    at tryModuleLoad (module.js:503:12)
    at Function.Module._load (module.js:495:3)
    at Module.require (module.js:585:17)
    at require (internal/module.js:11:18)
    at getConfig (/usr/local/webserver/nginx/html/sd-sys/node_modules/roadhog/lib/utils/mock.js:51:12)
    at realApplyMock (/usr/local/webserver/nginx/html/sd-sys/node_modules/roadhog/lib/utils/mock.js:111:16) code: 'MODULE_NOT_FOUND' }

Failed to parse mock config.

Error in Cannot find module 'roadhog-api-doc'
Error: Cannot find module 'roadhog-api-doc'


Starting the development server...


> @ start /usr/local/webserver/nginx/html/sd-sys
> roadhog server

{ Error: Cannot find module 'roadhog-api-doc'
    at Function.Module._resolveFilename (module.js:542:15)
    at Function.Module._load (module.js:472:25)
    at Module.require (module.js:585:17)
    at require (internal/module.js:11:18)
    at Object.<anonymous> (/usr/local/webserver/nginx/html/sd-sys/.roadhogrc.mock.js:1:1)
    at Module._compile (module.js:641:30)
    at Module._compile (/usr/local/webserver/nginx/html/sd-sys/node_modules/pirates/lib/index.js:91:24)
    at Module._extensions..js (module.js:652:10)
    at Object.newLoader [as .js] (/usr/local/webserver/nginx/html/sd-sys/node_modules/pirates/lib/index.js:96:7)
    at Module.load (module.js:560:32)
    at tryModuleLoad (module.js:503:12)
    at Function.Module._load (module.js:495:3)
    at Module.require (module.js:585:17)
    at require (internal/module.js:11:18)
    at getConfig (/usr/local/webserver/nginx/html/sd-sys/node_modules/roadhog/lib/utils/mock.js:51:12)
    at realApplyMock (/usr/local/webserver/nginx/html/sd-sys/node_modules/roadhog/lib/utils/mock.js:111:16) code: 'MODULE_NOT_FOUND' }

Failed to parse mock config.

Error in Cannot find module 'roadhog-api-doc'
Error: Cannot find module 'roadhog-api-doc'


Starting the development server...

[babel-plugin-dva-hmr][WARN] can't get router path in /usr/local/webserver/nginx/html/sd-sys/src/index.js
[graceful-process#19050] exit with code:0
